2024-10-04T11:44:29.822-03:00  INFO 37056 --- [verbi] [main] b.c.v.v.service.FriendshipServiceTest    : Starting FriendshipServiceTest using Java 17.0.6 with PID 37056 (started by franklyn in /home/franklyn/Documentos/java/onconection)
2024-10-04T11:44:29.842-03:00  INFO 37056 --- [verbi] [main] b.c.v.v.service.FriendshipServiceTest    : No active profile set, falling back to 1 default profile: "default"
2024-10-04T11:44:30.190-03:00 DEBUG 37056 --- [verbi] [main] o.s.w.c.s.GenericWebApplicationContext   : Refreshing org.springframework.web.context.support.GenericWebApplicationContext@3b366632
2024-10-04T11:44:33.736-03:00  INFO 37056 --- [verbi] [main] .s.d.r.c.RepositoryConfigurationDelegate : Bootstrapping Spring Data JPA repositories in DEFAULT mode.
2024-10-04T11:44:33.986-03:00  INFO 37056 --- [verbi] [main] .s.d.r.c.RepositoryConfigurationDelegate : Finished Spring Data repository scanning in 231 ms. Found 7 JPA repository interfaces.
2024-10-04T11:44:35.875-03:00  INFO 37056 --- [verbi] [main] o.hibernate.jpa.internal.util.LogHelper  : HHH000204: Processing PersistenceUnitInfo [name: default]
2024-10-04T11:44:36.165-03:00  INFO 37056 --- [verbi] [main] org.hibernate.Version                    : HHH000412: Hibernate ORM core version 6.5.2.Final
2024-10-04T11:44:36.314-03:00  INFO 37056 --- [verbi] [main] o.h.c.internal.RegionFactoryInitiator    : HHH000026: Second-level cache disabled
2024-10-04T11:44:37.550-03:00  INFO 37056 --- [verbi] [main] o.s.o.j.p.SpringPersistenceUnitInfo      : No LoadTimeWeaver setup: ignoring JPA class transformer
2024-10-04T11:44:37.712-03:00  INFO 37056 --- [verbi] [main] com.zaxxer.hikari.HikariDataSource       : HikariPool-1 - Starting...
2024-10-04T11:44:39.152-03:00  INFO 37056 --- [verbi] [main] com.zaxxer.hikari.pool.HikariPool        : HikariPool-1 - Added connection org.postgresql.jdbc.PgConnection@79ba0285
2024-10-04T11:44:39.155-03:00  INFO 37056 --- [verbi] [main] com.zaxxer.hikari.HikariDataSource       : HikariPool-1 - Start completed.
2024-10-04T11:44:39.564-03:00  WARN 37056 --- [verbi] [main] org.hibernate.orm.deprecation            : HHH90000025: PostgreSQLDialect does not need to be specified explicitly using 'hibernate.dialect' (remove the property setting and it will be selected by default)
2024-10-04T11:44:42.906-03:00  INFO 37056 --- [verbi] [main] o.h.e.t.j.p.i.JtaPlatformInitiator       : HHH000489: No JTA platform available (set 'hibernate.transaction.jta.platform' to enable JTA platform integration)
2024-10-04T11:44:43.804-03:00  INFO 37056 --- [verbi] [main] j.LocalContainerEntityManagerFactoryBean : Initialized JPA EntityManagerFactory for persistence unit 'default'
2024-10-04T11:44:45.745-03:00  INFO 37056 --- [verbi] [main] o.s.d.j.r.query.QueryEnhancerFactory     : Hibernate is in classpath; If applicable, HQL parser will be used.
2024-10-04T11:44:48.423-03:00  WARN 37056 --- [verbi] [main] JpaBaseConfiguration$JpaWebConfiguration : spring.jpa.open-in-view is enabled by default. Therefore, database queries may be performed during view rendering. Explicitly configure spring.jpa.open-in-view to disable this warning
2024-10-04T11:44:49.372-03:00 DEBUG 37056 --- [verbi] [main] o.s.w.s.s.s.WebSocketHandlerMapping      : Patterns [/ws/**] in 'stompWebSocketHandlerMapping'
2024-10-04T11:44:49.400-03:00  INFO 37056 --- [verbi] [main] o.s.b.a.w.s.WelcomePageHandlerMapping    : Adding welcome page: class path resource [static/index.html]
2024-10-04T11:44:49.525-03:00 DEBUG 37056 --- [verbi] [main] s.w.s.m.m.a.RequestMappingHandlerMapping : 32 mappings in 'requestMappingHandlerMapping'
2024-10-04T11:44:49.691-03:00 DEBUG 37056 --- [verbi] [main] o.s.w.s.handler.SimpleUrlHandlerMapping  : Patterns [/webjars/**, /**] in 'resourceHandlerMapping'
2024-10-04T11:44:49.977-03:00 DEBUG 37056 --- [verbi] [main] .WebSocketAnnotationMethodMessageHandler : 
	b.c.v.v.c.ChatController:
	
2024-10-04T11:44:49.978-03:00 DEBUG 37056 --- [verbi] [main] .WebSocketAnnotationMethodMessageHandler : 
	b.c.v.v.c.CommentController:
	
2024-10-04T11:44:49.979-03:00 DEBUG 37056 --- [verbi] [main] .WebSocketAnnotationMethodMessageHandler : 
	b.c.v.v.c.FriendshipController:
	
2024-10-04T11:44:49.984-03:00 DEBUG 37056 --- [verbi] [main] .WebSocketAnnotationMethodMessageHandler : 
	b.c.v.v.c.MessageController:
	{[MESSAGE],[/send/{chatId}]}: sendMessage(User,UUID,CreateMessageRequest)
2024-10-04T11:44:49.986-03:00 DEBUG 37056 --- [verbi] [main] .WebSocketAnnotationMethodMessageHandler : 
	b.c.v.v.c.MuralController:
	
2024-10-04T11:44:49.987-03:00 DEBUG 37056 --- [verbi] [main] .WebSocketAnnotationMethodMessageHandler : 
	b.c.v.v.c.UserController:
	
2024-10-04T11:44:49.988-03:00 DEBUG 37056 --- [verbi] [main] .WebSocketAnnotationMethodMessageHandler : 
	o.s.b.a.w.s.e.BasicErrorController:
	
2024-10-04T11:44:50.296-03:00 DEBUG 37056 --- [verbi] [main] s.w.s.m.m.a.RequestMappingHandlerAdapter : ControllerAdvice beans: 0 @ModelAttribute, 0 @InitBinder, 1 RequestBodyAdvice, 1 ResponseBodyAdvice
2024-10-04T11:44:50.421-03:00 DEBUG 37056 --- [verbi] [main] .m.m.a.ExceptionHandlerExceptionResolver : ControllerAdvice beans: 1 @ExceptionHandler, 1 ResponseBodyAdvice
2024-10-04T11:44:50.545-03:00  WARN 37056 --- [verbi] [main] ion$DefaultTemplateResolverConfiguration : Cannot find template location: classpath:/templates/ (please add some templates, check your Thymeleaf configuration, or set spring.thymeleaf.check-template-location=false)
2024-10-04T11:44:50.963-03:00 DEBUG 37056 --- [verbi] [main] o.s.m.s.ExecutorSubscribableChannel      : clientOutboundChannel added SubProtocolWebSocketHandler[StompSubProtocolHandler[v10.stomp, v11.stomp, v12.stomp]]
2024-10-04T11:44:50.966-03:00 DEBUG 37056 --- [verbi] [main] o.s.m.s.ExecutorSubscribableChannel      : clientInboundChannel added WebSocketAnnotationMethodMessageHandler[prefixes=[/app/]]
2024-10-04T11:44:50.968-03:00  INFO 37056 --- [verbi] [main] o.s.m.s.b.SimpleBrokerMessageHandler     : Starting...
2024-10-04T11:44:50.972-03:00 DEBUG 37056 --- [verbi] [main] o.s.m.s.ExecutorSubscribableChannel      : clientInboundChannel added SimpleBrokerMessageHandler [org.springframework.messaging.simp.broker.DefaultSubscriptionRegistry@1233f419]
2024-10-04T11:44:50.973-03:00 DEBUG 37056 --- [verbi] [main] o.s.m.s.ExecutorSubscribableChannel      : brokerChannel added SimpleBrokerMessageHandler [org.springframework.messaging.simp.broker.DefaultSubscriptionRegistry@1233f419]
2024-10-04T11:44:50.975-03:00  INFO 37056 --- [verbi] [main] o.s.m.s.b.SimpleBrokerMessageHandler     : BrokerAvailabilityEvent[available=true, SimpleBrokerMessageHandler [org.springframework.messaging.simp.broker.DefaultSubscriptionRegistry@1233f419]]
2024-10-04T11:44:50.977-03:00  INFO 37056 --- [verbi] [main] o.s.m.s.b.SimpleBrokerMessageHandler     : Started.
2024-10-04T11:44:50.981-03:00 DEBUG 37056 --- [verbi] [main] o.s.m.s.ExecutorSubscribableChannel      : clientInboundChannel added UserDestinationMessageHandler[DefaultUserDestinationResolver[prefix=/user/]]
2024-10-04T11:44:50.981-03:00 DEBUG 37056 --- [verbi] [main] o.s.m.s.ExecutorSubscribableChannel      : brokerChannel added UserDestinationMessageHandler[DefaultUserDestinationResolver[prefix=/user/]]
2024-10-04T11:44:50.988-03:00  INFO 37056 --- [verbi] [main] o.s.a.r.c.CachingConnectionFactory       : Attempting to connect to: [rabbitmq:5672]
2024-10-04T11:44:51.081-03:00  INFO 37056 --- [verbi] [main] o.s.a.r.l.SimpleMessageListenerContainer : Broker not available; cannot force queue declarations during start: java.net.UnknownHostException: rabbitmq: Name or service not known
2024-10-04T11:44:51.110-03:00  INFO 37056 --- [verbi] [org.springframework.amqp.rabbit.RabbitListenerEndpointContainer#0-1] o.s.a.r.c.CachingConnectionFactory       : Attempting to connect to: [rabbitmq:5672]
2024-10-04T11:44:51.114-03:00 ERROR 37056 --- [verbi] [org.springframework.amqp.rabbit.RabbitListenerEndpointContainer#0-1] o.s.a.r.l.SimpleMessageListenerContainer : Failed to check/redeclare auto-delete queue(s).

org.springframework.amqp.AmqpIOException: java.net.UnknownHostException: rabbitmq
	at org.springframework.amqp.rabbit.support.RabbitExceptionTranslator.convertRabbitAccessException(RabbitExceptionTranslator.java:70) ~[spring-rabbit-3.1.7.jar:3.1.7]
	at org.springframework.amqp.rabbit.connection.AbstractConnectionFactory.createBareConnection(AbstractConnectionFactory.java:622) ~[spring-rabbit-3.1.7.jar:3.1.7]
	at org.springframework.amqp.rabbit.connection.CachingConnectionFactory.createConnection(CachingConnectionFactory.java:726) ~[spring-rabbit-3.1.7.jar:3.1.7]
	at org.springframework.amqp.rabbit.connection.ConnectionFactoryUtils.createConnection(ConnectionFactoryUtils.java:257) ~[spring-rabbit-3.1.7.jar:3.1.7]
	at org.springframework.amqp.rabbit.core.RabbitTemplate.doExecute(RabbitTemplate.java:2249) ~[spring-rabbit-3.1.7.jar:3.1.7]
	at org.springframework.amqp.rabbit.core.RabbitTemplate.execute(RabbitTemplate.java:2222) ~[spring-rabbit-3.1.7.jar:3.1.7]
	at org.springframework.amqp.rabbit.core.RabbitTemplate.execute(RabbitTemplate.java:2202) ~[spring-rabbit-3.1.7.jar:3.1.7]
	at org.springframework.amqp.rabbit.core.RabbitAdmin.getQueueInfo(RabbitAdmin.java:467) ~[spring-rabbit-3.1.7.jar:3.1.7]
	at org.springframework.amqp.rabbit.core.RabbitAdmin.getQueueProperties(RabbitAdmin.java:451) ~[spring-rabbit-3.1.7.jar:3.1.7]
	at org.springframework.amqp.rabbit.listener.AbstractMessageListenerContainer.attemptDeclarations(AbstractMessageListenerContainer.java:1960) ~[spring-rabbit-3.1.7.jar:3.1.7]
	at org.springframework.amqp.rabbit.listener.AbstractMessageListenerContainer.redeclareElementsIfNecessary(AbstractMessageListenerContainer.java:1924) ~[spring-rabbit-3.1.7.jar:3.1.7]
	at org.springframework.amqp.rabbit.listener.SimpleMessageListenerContainer$AsyncMessageProcessingConsumer.initialize(SimpleMessageListenerContainer.java:1479) ~[spring-rabbit-3.1.7.jar:3.1.7]
	at org.springframework.amqp.rabbit.listener.SimpleMessageListenerContainer$AsyncMessageProcessingConsumer.run(SimpleMessageListenerContainer.java:1320) ~[spring-rabbit-3.1.7.jar:3.1.7]
	at java.base/java.lang.Thread.run(Thread.java:833) ~[na:na]
Caused by: java.net.UnknownHostException: rabbitmq
	at java.base/java.net.InetAddress$CachedAddresses.get(InetAddress.java:801) ~[na:na]
	at java.base/java.net.InetAddress.getAllByName0(InetAddress.java:1524) ~[na:na]
	at java.base/java.net.InetAddress.getAllByName(InetAddress.java:1381) ~[na:na]
	at java.base/java.net.InetAddress.getAllByName(InetAddress.java:1305) ~[na:na]
	at com.rabbitmq.client.DnsRecordIpAddressResolver.resolveIpAddresses(DnsRecordIpAddressResolver.java:83) ~[amqp-client-5.21.0.jar:5.21.0]
	at com.rabbitmq.client.DnsRecordIpAddressResolver.getAddresses(DnsRecordIpAddressResolver.java:73) ~[amqp-client-5.21.0.jar:5.21.0]
	at com.rabbitmq.client.ConnectionFactory.newConnection(ConnectionFactory.java:1245) ~[amqp-client-5.21.0.jar:5.21.0]
	at com.rabbitmq.client.ConnectionFactory.newConnection(ConnectionFactory.java:1198) ~[amqp-client-5.21.0.jar:5.21.0]
	at org.springframework.amqp.rabbit.connection.AbstractConnectionFactory.connectAddresses(AbstractConnectionFactory.java:668) ~[spring-rabbit-3.1.7.jar:3.1.7]
	at org.springframework.amqp.rabbit.connection.AbstractConnectionFactory.connect(AbstractConnectionFactory.java:637) ~[spring-rabbit-3.1.7.jar:3.1.7]
	at org.springframework.amqp.rabbit.connection.AbstractConnectionFactory.createBareConnection(AbstractConnectionFactory.java:584) ~[spring-rabbit-3.1.7.jar:3.1.7]
	... 12 common frames omitted

2024-10-04T11:44:51.129-03:00  INFO 37056 --- [verbi] [org.springframework.amqp.rabbit.RabbitListenerEndpointContainer#0-1] o.s.a.r.c.CachingConnectionFactory       : Attempting to connect to: [rabbitmq:5672]
2024-10-04T11:44:51.336-03:00  INFO 37056 --- [verbi] [main] b.c.v.v.service.FriendshipServiceTest    : Started FriendshipServiceTest in 22.681 seconds (process running for 27.74)
2024-10-04T11:44:54.850-03:00 DEBUG 37056 --- [verbi] [SpringApplicationShutdownHook] o.s.w.c.s.GenericWebApplicationContext   : Closing org.springframework.web.context.support.GenericWebApplicationContext@3b366632, started on Fri Oct 04 11:44:30 BRT 2024
2024-10-04T11:44:54.894-03:00 DEBUG 37056 --- [verbi] [SpringApplicationShutdownHook] o.s.m.s.ExecutorSubscribableChannel      : clientOutboundChannel removed SubProtocolWebSocketHandler[StompSubProtocolHandler[v10.stomp, v11.stomp, v12.stomp]]
2024-10-04T11:44:54.904-03:00 DEBUG 37056 --- [verbi] [SpringApplicationShutdownHook] o.s.m.s.ExecutorSubscribableChannel      : clientInboundChannel removed WebSocketAnnotationMethodMessageHandler[prefixes=[/app/]]
2024-10-04T11:44:54.906-03:00  INFO 37056 --- [verbi] [SpringApplicationShutdownHook] o.s.m.s.b.SimpleBrokerMessageHandler     : Stopping...
2024-10-04T11:44:54.909-03:00  INFO 37056 --- [verbi] [SpringApplicationShutdownHook] o.s.m.s.b.SimpleBrokerMessageHandler     : BrokerAvailabilityEvent[available=false, SimpleBrokerMessageHandler [org.springframework.messaging.simp.broker.DefaultSubscriptionRegistry@1233f419]]
2024-10-04T11:44:54.909-03:00 DEBUG 37056 --- [verbi] [SpringApplicationShutdownHook] o.s.m.s.ExecutorSubscribableChannel      : clientInboundChannel removed SimpleBrokerMessageHandler [org.springframework.messaging.simp.broker.DefaultSubscriptionRegistry@1233f419]
2024-10-04T11:44:54.912-03:00 DEBUG 37056 --- [verbi] [SpringApplicationShutdownHook] o.s.m.s.ExecutorSubscribableChannel      : brokerChannel removed SimpleBrokerMessageHandler [org.springframework.messaging.simp.broker.DefaultSubscriptionRegistry@1233f419]
2024-10-04T11:44:54.918-03:00  INFO 37056 --- [verbi] [SpringApplicationShutdownHook] o.s.m.s.b.SimpleBrokerMessageHandler     : Stopped.
2024-10-04T11:44:54.920-03:00 DEBUG 37056 --- [verbi] [SpringApplicationShutdownHook] o.s.m.s.ExecutorSubscribableChannel      : clientInboundChannel removed UserDestinationMessageHandler[DefaultUserDestinationResolver[prefix=/user/]]
2024-10-04T11:44:54.922-03:00 DEBUG 37056 --- [verbi] [SpringApplicationShutdownHook] o.s.m.s.ExecutorSubscribableChannel      : brokerChannel removed UserDestinationMessageHandler[DefaultUserDestinationResolver[prefix=/user/]]
2024-10-04T11:44:54.933-03:00  INFO 37056 --- [verbi] [org.springframework.amqp.rabbit.RabbitListenerEndpointContainer#0-2] o.s.a.r.l.SimpleMessageListenerContainer : Waiting for workers to finish.
2024-10-04T11:44:54.938-03:00  INFO 37056 --- [verbi] [org.springframework.amqp.rabbit.RabbitListenerEndpointContainer#0-2] o.s.a.r.l.SimpleMessageListenerContainer : Successfully waited for workers to finish.
2024-10-04T11:44:54.980-03:00  INFO 37056 --- [verbi] [SpringApplicationShutdownHook] j.LocalContainerEntityManagerFactoryBean : Closing JPA EntityManagerFactory for persistence unit 'default'
2024-10-04T11:44:55.004-03:00  INFO 37056 --- [verbi] [SpringApplicationShutdownHook] com.zaxxer.hikari.HikariDataSource       : HikariPool-1 - Shutdown initiated...
2024-10-04T11:44:55.219-03:00  INFO 37056 --- [verbi] [SpringApplicationShutdownHook] com.zaxxer.hikari.HikariDataSource       : HikariPool-1 - Shutdown completed.
2024-10-04T14:34:11.582-03:00  INFO 126382 --- [verbi] [main] b.c.v.v.service.FriendshipServiceTest    : Starting FriendshipServiceTest using Java 17.0.6 with PID 126382 (started by franklyn in /home/franklyn/Documentos/java/onconection)
2024-10-04T14:34:11.599-03:00  INFO 126382 --- [verbi] [main] b.c.v.v.service.FriendshipServiceTest    : No active profile set, falling back to 1 default profile: "default"
2024-10-04T14:34:11.833-03:00 DEBUG 126382 --- [verbi] [main] o.s.w.c.s.GenericWebApplicationContext   : Refreshing org.springframework.web.context.support.GenericWebApplicationContext@7927bd9f
2024-10-04T14:34:18.429-03:00  INFO 126382 --- [verbi] [main] .s.d.r.c.RepositoryConfigurationDelegate : Bootstrapping Spring Data JPA repositories in DEFAULT mode.
2024-10-04T14:34:19.292-03:00  INFO 126382 --- [verbi] [main] .s.d.r.c.RepositoryConfigurationDelegate : Finished Spring Data repository scanning in 734 ms. Found 7 JPA repository interfaces.
2024-10-04T14:34:22.069-03:00  INFO 126382 --- [verbi] [main] o.hibernate.jpa.internal.util.LogHelper  : HHH000204: Processing PersistenceUnitInfo [name: default]
2024-10-04T14:34:22.347-03:00  INFO 126382 --- [verbi] [main] org.hibernate.Version                    : HHH000412: Hibernate ORM core version 6.5.2.Final
2024-10-04T14:34:22.563-03:00  INFO 126382 --- [verbi] [main] o.h.c.internal.RegionFactoryInitiator    : HHH000026: Second-level cache disabled
2024-10-04T14:34:23.957-03:00  INFO 126382 --- [verbi] [main] o.s.o.j.p.SpringPersistenceUnitInfo      : No LoadTimeWeaver setup: ignoring JPA class transformer
2024-10-04T14:34:24.124-03:00  INFO 126382 --- [verbi] [main] com.zaxxer.hikari.HikariDataSource       : HikariPool-1 - Starting...
2024-10-04T14:34:26.016-03:00  INFO 126382 --- [verbi] [main] com.zaxxer.hikari.pool.HikariPool        : HikariPool-1 - Added connection org.postgresql.jdbc.PgConnection@c67395
2024-10-04T14:34:26.026-03:00  INFO 126382 --- [verbi] [main] com.zaxxer.hikari.HikariDataSource       : HikariPool-1 - Start completed.
2024-10-04T14:34:26.301-03:00  WARN 126382 --- [verbi] [main] org.hibernate.orm.deprecation            : HHH90000025: PostgreSQLDialect does not need to be specified explicitly using 'hibernate.dialect' (remove the property setting and it will be selected by default)
2024-10-04T14:34:33.370-03:00  INFO 126382 --- [verbi] [main] o.h.e.t.j.p.i.JtaPlatformInitiator       : HHH000489: No JTA platform available (set 'hibernate.transaction.jta.platform' to enable JTA platform integration)
2024-10-04T14:34:34.022-03:00  INFO 126382 --- [verbi] [main] j.LocalContainerEntityManagerFactoryBean : Initialized JPA EntityManagerFactory for persistence unit 'default'
2024-10-04T14:34:39.025-03:00  INFO 126382 --- [verbi] [main] o.s.d.j.r.query.QueryEnhancerFactory     : Hibernate is in classpath; If applicable, HQL parser will be used.
2024-10-04T14:34:41.491-03:00  WARN 126382 --- [verbi] [main] JpaBaseConfiguration$JpaWebConfiguration : spring.jpa.open-in-view is enabled by default. Therefore, database queries may be performed during view rendering. Explicitly configure spring.jpa.open-in-view to disable this warning
2024-10-04T14:34:44.022-03:00 DEBUG 126382 --- [verbi] [main] o.s.w.s.s.s.WebSocketHandlerMapping      : Patterns [/ws/**] in 'stompWebSocketHandlerMapping'
2024-10-04T14:34:44.083-03:00  INFO 126382 --- [verbi] [main] o.s.b.a.w.s.WelcomePageHandlerMapping    : Adding welcome page: class path resource [static/index.html]
2024-10-04T14:34:44.430-03:00 DEBUG 126382 --- [verbi] [main] s.w.s.m.m.a.RequestMappingHandlerMapping : 32 mappings in 'requestMappingHandlerMapping'
2024-10-04T14:34:44.872-03:00 DEBUG 126382 --- [verbi] [main] o.s.w.s.handler.SimpleUrlHandlerMapping  : Patterns [/webjars/**, /**] in 'resourceHandlerMapping'
2024-10-04T14:34:45.532-03:00 DEBUG 126382 --- [verbi] [main] .WebSocketAnnotationMethodMessageHandler : 
	b.c.v.v.c.ChatController:
	
2024-10-04T14:34:45.547-03:00 DEBUG 126382 --- [verbi] [main] .WebSocketAnnotationMethodMessageHandler : 
	b.c.v.v.c.CommentController:
	
2024-10-04T14:34:45.559-03:00 DEBUG 126382 --- [verbi] [main] .WebSocketAnnotationMethodMessageHandler : 
	b.c.v.v.c.FriendshipController:
	
2024-10-04T14:34:45.579-03:00 DEBUG 126382 --- [verbi] [main] .WebSocketAnnotationMethodMessageHandler : 
	b.c.v.v.c.MessageController:
	{[MESSAGE],[/send/{chatId}]}: sendMessage(User,UUID,CreateMessageRequest)
2024-10-04T14:34:45.587-03:00 DEBUG 126382 --- [verbi] [main] .WebSocketAnnotationMethodMessageHandler : 
	b.c.v.v.c.MuralController:
	
2024-10-04T14:34:45.595-03:00 DEBUG 126382 --- [verbi] [main] .WebSocketAnnotationMethodMessageHandler : 
	b.c.v.v.c.UserController:
	
2024-10-04T14:34:45.607-03:00 DEBUG 126382 --- [verbi] [main] .WebSocketAnnotationMethodMessageHandler : 
	o.s.b.a.w.s.e.BasicErrorController:
	
2024-10-04T14:34:46.567-03:00 DEBUG 126382 --- [verbi] [main] s.w.s.m.m.a.RequestMappingHandlerAdapter : ControllerAdvice beans: 0 @ModelAttribute, 0 @InitBinder, 1 RequestBodyAdvice, 1 ResponseBodyAdvice
2024-10-04T14:34:46.766-03:00 DEBUG 126382 --- [verbi] [main] .m.m.a.ExceptionHandlerExceptionResolver : ControllerAdvice beans: 1 @ExceptionHandler, 1 ResponseBodyAdvice
2024-10-04T14:34:47.331-03:00  WARN 126382 --- [verbi] [main] ion$DefaultTemplateResolverConfiguration : Cannot find template location: classpath:/templates/ (please add some templates, check your Thymeleaf configuration, or set spring.thymeleaf.check-template-location=false)
2024-10-04T14:34:48.585-03:00 DEBUG 126382 --- [verbi] [main] o.s.m.s.ExecutorSubscribableChannel      : clientOutboundChannel added SubProtocolWebSocketHandler[StompSubProtocolHandler[v10.stomp, v11.stomp, v12.stomp]]
2024-10-04T14:34:48.591-03:00 DEBUG 126382 --- [verbi] [main] o.s.m.s.ExecutorSubscribableChannel      : clientInboundChannel added WebSocketAnnotationMethodMessageHandler[prefixes=[/app/]]
2024-10-04T14:34:48.594-03:00  INFO 126382 --- [verbi] [main] o.s.m.s.b.SimpleBrokerMessageHandler     : Starting...
2024-10-04T14:34:48.597-03:00 DEBUG 126382 --- [verbi] [main] o.s.m.s.ExecutorSubscribableChannel      : clientInboundChannel added SimpleBrokerMessageHandler [org.springframework.messaging.simp.broker.DefaultSubscriptionRegistry@11e2de88]
2024-10-04T14:34:48.598-03:00 DEBUG 126382 --- [verbi] [main] o.s.m.s.ExecutorSubscribableChannel      : brokerChannel added SimpleBrokerMessageHandler [org.springframework.messaging.simp.broker.DefaultSubscriptionRegistry@11e2de88]
2024-10-04T14:34:48.600-03:00  INFO 126382 --- [verbi] [main] o.s.m.s.b.SimpleBrokerMessageHandler     : BrokerAvailabilityEvent[available=true, SimpleBrokerMessageHandler [org.springframework.messaging.simp.broker.DefaultSubscriptionRegistry@11e2de88]]
2024-10-04T14:34:48.607-03:00  INFO 126382 --- [verbi] [main] o.s.m.s.b.SimpleBrokerMessageHandler     : Started.
2024-10-04T14:34:48.609-03:00 DEBUG 126382 --- [verbi] [main] o.s.m.s.ExecutorSubscribableChannel      : clientInboundChannel added UserDestinationMessageHandler[DefaultUserDestinationResolver[prefix=/user/]]
2024-10-04T14:34:48.610-03:00 DEBUG 126382 --- [verbi] [main] o.s.m.s.ExecutorSubscribableChannel      : brokerChannel added UserDestinationMessageHandler[DefaultUserDestinationResolver[prefix=/user/]]
2024-10-04T14:34:48.623-03:00  INFO 126382 --- [verbi] [main] o.s.a.r.c.CachingConnectionFactory       : Attempting to connect to: [rabbitmq:5672]
2024-10-04T14:34:48.748-03:00  INFO 126382 --- [verbi] [main] o.s.a.r.l.SimpleMessageListenerContainer : Broker not available; cannot force queue declarations during start: java.net.UnknownHostException: rabbitmq: Name or service not known
2024-10-04T14:34:48.802-03:00  INFO 126382 --- [verbi] [org.springframework.amqp.rabbit.RabbitListenerEndpointContainer#0-1] o.s.a.r.c.CachingConnectionFactory       : Attempting to connect to: [rabbitmq:5672]
2024-10-04T14:34:48.811-03:00 ERROR 126382 --- [verbi] [org.springframework.amqp.rabbit.RabbitListenerEndpointContainer#0-1] o.s.a.r.l.SimpleMessageListenerContainer : Failed to check/redeclare auto-delete queue(s).

org.springframework.amqp.AmqpIOException: java.net.UnknownHostException: rabbitmq
	at org.springframework.amqp.rabbit.support.RabbitExceptionTranslator.convertRabbitAccessException(RabbitExceptionTranslator.java:70) ~[spring-rabbit-3.1.7.jar:3.1.7]
	at org.springframework.amqp.rabbit.connection.AbstractConnectionFactory.createBareConnection(AbstractConnectionFactory.java:622) ~[spring-rabbit-3.1.7.jar:3.1.7]
	at org.springframework.amqp.rabbit.connection.CachingConnectionFactory.createConnection(CachingConnectionFactory.java:726) ~[spring-rabbit-3.1.7.jar:3.1.7]
	at org.springframework.amqp.rabbit.connection.ConnectionFactoryUtils.createConnection(ConnectionFactoryUtils.java:257) ~[spring-rabbit-3.1.7.jar:3.1.7]
	at org.springframework.amqp.rabbit.core.RabbitTemplate.doExecute(RabbitTemplate.java:2249) ~[spring-rabbit-3.1.7.jar:3.1.7]
	at org.springframework.amqp.rabbit.core.RabbitTemplate.execute(RabbitTemplate.java:2222) ~[spring-rabbit-3.1.7.jar:3.1.7]
	at org.springframework.amqp.rabbit.core.RabbitTemplate.execute(RabbitTemplate.java:2202) ~[spring-rabbit-3.1.7.jar:3.1.7]
	at org.springframework.amqp.rabbit.core.RabbitAdmin.getQueueInfo(RabbitAdmin.java:467) ~[spring-rabbit-3.1.7.jar:3.1.7]
	at org.springframework.amqp.rabbit.core.RabbitAdmin.getQueueProperties(RabbitAdmin.java:451) ~[spring-rabbit-3.1.7.jar:3.1.7]
	at org.springframework.amqp.rabbit.listener.AbstractMessageListenerContainer.attemptDeclarations(AbstractMessageListenerContainer.java:1960) ~[spring-rabbit-3.1.7.jar:3.1.7]
	at org.springframework.amqp.rabbit.listener.AbstractMessageListenerContainer.redeclareElementsIfNecessary(AbstractMessageListenerContainer.java:1924) ~[spring-rabbit-3.1.7.jar:3.1.7]
	at org.springframework.amqp.rabbit.listener.SimpleMessageListenerContainer$AsyncMessageProcessingConsumer.initialize(SimpleMessageListenerContainer.java:1479) ~[spring-rabbit-3.1.7.jar:3.1.7]
	at org.springframework.amqp.rabbit.listener.SimpleMessageListenerContainer$AsyncMessageProcessingConsumer.run(SimpleMessageListenerContainer.java:1320) ~[spring-rabbit-3.1.7.jar:3.1.7]
	at java.base/java.lang.Thread.run(Thread.java:833) ~[na:na]
Caused by: java.net.UnknownHostException: rabbitmq
	at java.base/java.net.InetAddress$CachedAddresses.get(InetAddress.java:801) ~[na:na]
	at java.base/java.net.InetAddress.getAllByName0(InetAddress.java:1524) ~[na:na]
	at java.base/java.net.InetAddress.getAllByName(InetAddress.java:1381) ~[na:na]
	at java.base/java.net.InetAddress.getAllByName(InetAddress.java:1305) ~[na:na]
	at com.rabbitmq.client.DnsRecordIpAddressResolver.resolveIpAddresses(DnsRecordIpAddressResolver.java:83) ~[amqp-client-5.21.0.jar:5.21.0]
	at com.rabbitmq.client.DnsRecordIpAddressResolver.getAddresses(DnsRecordIpAddressResolver.java:73) ~[amqp-client-5.21.0.jar:5.21.0]
	at com.rabbitmq.client.ConnectionFactory.newConnection(ConnectionFactory.java:1245) ~[amqp-client-5.21.0.jar:5.21.0]
	at com.rabbitmq.client.ConnectionFactory.newConnection(ConnectionFactory.java:1198) ~[amqp-client-5.21.0.jar:5.21.0]
	at org.springframework.amqp.rabbit.connection.AbstractConnectionFactory.connectAddresses(AbstractConnectionFactory.java:668) ~[spring-rabbit-3.1.7.jar:3.1.7]
	at org.springframework.amqp.rabbit.connection.AbstractConnectionFactory.connect(AbstractConnectionFactory.java:637) ~[spring-rabbit-3.1.7.jar:3.1.7]
	at org.springframework.amqp.rabbit.connection.AbstractConnectionFactory.createBareConnection(AbstractConnectionFactory.java:584) ~[spring-rabbit-3.1.7.jar:3.1.7]
	... 12 common frames omitted

2024-10-04T14:34:48.832-03:00  INFO 126382 --- [verbi] [org.springframework.amqp.rabbit.RabbitListenerEndpointContainer#0-1] o.s.a.r.c.CachingConnectionFactory       : Attempting to connect to: [rabbitmq:5672]
2024-10-04T14:34:48.915-03:00  INFO 126382 --- [verbi] [main] b.c.v.v.service.FriendshipServiceTest    : Started FriendshipServiceTest in 38.802 seconds (process running for 47.537)
2024-10-04T14:34:54.017-03:00  INFO 126382 --- [verbi] [org.springframework.amqp.rabbit.RabbitListenerEndpointContainer#0-1] o.s.a.r.l.SimpleMessageListenerContainer : Restarting Consumer@67d99612: tags=[[]], channel=null, acknowledgeMode=AUTO local queue size=0
2024-10-04T14:34:54.054-03:00  INFO 126382 --- [verbi] [org.springframework.amqp.rabbit.RabbitListenerEndpointContainer#0-2] o.s.a.r.c.CachingConnectionFactory       : Attempting to connect to: [rabbitmq:5672]
2024-10-04T14:34:54.069-03:00 ERROR 126382 --- [verbi] [org.springframework.amqp.rabbit.RabbitListenerEndpointContainer#0-2] o.s.a.r.l.SimpleMessageListenerContainer : Failed to check/redeclare auto-delete queue(s).
2024-10-04T14:34:54.078-03:00  INFO 126382 --- [verbi] [org.springframework.amqp.rabbit.RabbitListenerEndpointContainer#0-2] o.s.a.r.c.CachingConnectionFactory       : Attempting to connect to: [rabbitmq:5672]
2024-10-04T14:34:55.585-03:00 DEBUG 126382 --- [verbi] [SpringApplicationShutdownHook] o.s.w.c.s.GenericWebApplicationContext   : Closing org.springframework.web.context.support.GenericWebApplicationContext@7927bd9f, started on Fri Oct 04 14:34:11 BRT 2024
2024-10-04T14:34:55.620-03:00 DEBUG 126382 --- [verbi] [SpringApplicationShutdownHook] o.s.m.s.ExecutorSubscribableChannel      : clientOutboundChannel removed SubProtocolWebSocketHandler[StompSubProtocolHandler[v10.stomp, v11.stomp, v12.stomp]]
2024-10-04T14:34:55.621-03:00 DEBUG 126382 --- [verbi] [SpringApplicationShutdownHook] o.s.m.s.ExecutorSubscribableChannel      : clientInboundChannel removed WebSocketAnnotationMethodMessageHandler[prefixes=[/app/]]
2024-10-04T14:34:55.626-03:00  INFO 126382 --- [verbi] [SpringApplicationShutdownHook] o.s.m.s.b.SimpleBrokerMessageHandler     : Stopping...
2024-10-04T14:34:55.630-03:00  INFO 126382 --- [verbi] [SpringApplicationShutdownHook] o.s.m.s.b.SimpleBrokerMessageHandler     : BrokerAvailabilityEvent[available=false, SimpleBrokerMessageHandler [org.springframework.messaging.simp.broker.DefaultSubscriptionRegistry@11e2de88]]
2024-10-04T14:34:55.637-03:00 DEBUG 126382 --- [verbi] [SpringApplicationShutdownHook] o.s.m.s.ExecutorSubscribableChannel      : clientInboundChannel removed SimpleBrokerMessageHandler [org.springframework.messaging.simp.broker.DefaultSubscriptionRegistry@11e2de88]
2024-10-04T14:34:55.642-03:00 DEBUG 126382 --- [verbi] [SpringApplicationShutdownHook] o.s.m.s.ExecutorSubscribableChannel      : brokerChannel removed SimpleBrokerMessageHandler [org.springframework.messaging.simp.broker.DefaultSubscriptionRegistry@11e2de88]
2024-10-04T14:34:55.643-03:00  INFO 126382 --- [verbi] [SpringApplicationShutdownHook] o.s.m.s.b.SimpleBrokerMessageHandler     : Stopped.
2024-10-04T14:34:55.646-03:00 DEBUG 126382 --- [verbi] [SpringApplicationShutdownHook] o.s.m.s.ExecutorSubscribableChannel      : clientInboundChannel removed UserDestinationMessageHandler[DefaultUserDestinationResolver[prefix=/user/]]
2024-10-04T14:34:55.649-03:00 DEBUG 126382 --- [verbi] [SpringApplicationShutdownHook] o.s.m.s.ExecutorSubscribableChannel      : brokerChannel removed UserDestinationMessageHandler[DefaultUserDestinationResolver[prefix=/user/]]
2024-10-04T14:34:55.676-03:00  INFO 126382 --- [verbi] [org.springframework.amqp.rabbit.RabbitListenerEndpointContainer#0-3] o.s.a.r.l.SimpleMessageListenerContainer : Waiting for workers to finish.
2024-10-04T14:34:55.685-03:00  INFO 126382 --- [verbi] [org.springframework.amqp.rabbit.RabbitListenerEndpointContainer#0-3] o.s.a.r.l.SimpleMessageListenerContainer : Successfully waited for workers to finish.
2024-10-04T14:34:55.720-03:00  INFO 126382 --- [verbi] [SpringApplicationShutdownHook] j.LocalContainerEntityManagerFactoryBean : Closing JPA EntityManagerFactory for persistence unit 'default'
2024-10-04T14:34:55.726-03:00  INFO 126382 --- [verbi] [SpringApplicationShutdownHook] com.zaxxer.hikari.HikariDataSource       : HikariPool-1 - Shutdown initiated...
2024-10-04T14:34:55.861-03:00  INFO 126382 --- [verbi] [SpringApplicationShutdownHook] com.zaxxer.hikari.HikariDataSource       : HikariPool-1 - Shutdown completed.
2024-10-04T14:35:09.953-03:00  INFO 127031 --- [verbi] [main] b.c.v.v.service.FriendshipServiceTest    : Starting FriendshipServiceTest using Java 17.0.6 with PID 127031 (started by franklyn in /home/franklyn/Documentos/java/onconection)
2024-10-04T14:35:09.964-03:00  INFO 127031 --- [verbi] [main] b.c.v.v.service.FriendshipServiceTest    : No active profile set, falling back to 1 default profile: "default"
2024-10-04T14:35:10.104-03:00 DEBUG 127031 --- [verbi] [main] o.s.w.c.s.GenericWebApplicationContext   : Refreshing org.springframework.web.context.support.GenericWebApplicationContext@3b366632
2024-10-04T14:35:13.353-03:00  INFO 127031 --- [verbi] [main] .s.d.r.c.RepositoryConfigurationDelegate : Bootstrapping Spring Data JPA repositories in DEFAULT mode.
2024-10-04T14:35:13.642-03:00  INFO 127031 --- [verbi] [main] .s.d.r.c.RepositoryConfigurationDelegate : Finished Spring Data repository scanning in 236 ms. Found 7 JPA repository interfaces.
2024-10-04T14:35:15.495-03:00  INFO 127031 --- [verbi] [main] o.hibernate.jpa.internal.util.LogHelper  : HHH000204: Processing PersistenceUnitInfo [name: default]
2024-10-04T14:35:15.603-03:00  INFO 127031 --- [verbi] [main] org.hibernate.Version                    : HHH000412: Hibernate ORM core version 6.5.2.Final
2024-10-04T14:35:15.695-03:00  INFO 127031 --- [verbi] [main] o.h.c.internal.RegionFactoryInitiator    : HHH000026: Second-level cache disabled
2024-10-04T14:35:16.468-03:00  INFO 127031 --- [verbi] [main] o.s.o.j.p.SpringPersistenceUnitInfo      : No LoadTimeWeaver setup: ignoring JPA class transformer
2024-10-04T14:35:16.527-03:00  INFO 127031 --- [verbi] [main] com.zaxxer.hikari.HikariDataSource       : HikariPool-1 - Starting...
2024-10-04T14:35:17.402-03:00  INFO 127031 --- [verbi] [main] com.zaxxer.hikari.pool.HikariPool        : HikariPool-1 - Added connection org.postgresql.jdbc.PgConnection@c67395
2024-10-04T14:35:17.409-03:00  INFO 127031 --- [verbi] [main] com.zaxxer.hikari.HikariDataSource       : HikariPool-1 - Start completed.
2024-10-04T14:35:17.516-03:00  WARN 127031 --- [verbi] [main] org.hibernate.orm.deprecation            : HHH90000025: PostgreSQLDialect does not need to be specified explicitly using 'hibernate.dialect' (remove the property setting and it will be selected by default)
2024-10-04T14:35:21.252-03:00  INFO 127031 --- [verbi] [main] o.h.e.t.j.p.i.JtaPlatformInitiator       : HHH000489: No JTA platform available (set 'hibernate.transaction.jta.platform' to enable JTA platform integration)
2024-10-04T14:35:21.618-03:00  INFO 127031 --- [verbi] [main] j.LocalContainerEntityManagerFactoryBean : Initialized JPA EntityManagerFactory for persistence unit 'default'
2024-10-04T14:35:24.017-03:00  INFO 127031 --- [verbi] [main] o.s.d.j.r.query.QueryEnhancerFactory     : Hibernate is in classpath; If applicable, HQL parser will be used.
2024-10-04T14:35:25.522-03:00  WARN 127031 --- [verbi] [main] JpaBaseConfiguration$JpaWebConfiguration : spring.jpa.open-in-view is enabled by default. Therefore, database queries may be performed during view rendering. Explicitly configure spring.jpa.open-in-view to disable this warning
2024-10-04T14:35:26.196-03:00 DEBUG 127031 --- [verbi] [main] o.s.w.s.s.s.WebSocketHandlerMapping      : Patterns [/ws/**] in 'stompWebSocketHandlerMapping'
2024-10-04T14:35:26.248-03:00  INFO 127031 --- [verbi] [main] o.s.b.a.w.s.WelcomePageHandlerMapping    : Adding welcome page: class path resource [static/index.html]
2024-10-04T14:35:26.684-03:00 DEBUG 127031 --- [verbi] [main] s.w.s.m.m.a.RequestMappingHandlerMapping : 32 mappings in 'requestMappingHandlerMapping'
2024-10-04T14:35:26.840-03:00 DEBUG 127031 --- [verbi] [main] o.s.w.s.handler.SimpleUrlHandlerMapping  : Patterns [/webjars/**, /**] in 'resourceHandlerMapping'
2024-10-04T14:35:27.222-03:00 DEBUG 127031 --- [verbi] [main] .WebSocketAnnotationMethodMessageHandler : 
	b.c.v.v.c.ChatController:
	
2024-10-04T14:35:27.233-03:00 DEBUG 127031 --- [verbi] [main] .WebSocketAnnotationMethodMessageHandler : 
	b.c.v.v.c.CommentController:
	
2024-10-04T14:35:27.235-03:00 DEBUG 127031 --- [verbi] [main] .WebSocketAnnotationMethodMessageHandler : 
	b.c.v.v.c.FriendshipController:
	
2024-10-04T14:35:27.251-03:00 DEBUG 127031 --- [verbi] [main] .WebSocketAnnotationMethodMessageHandler : 
	b.c.v.v.c.MessageController:
	{[MESSAGE],[/send/{chatId}]}: sendMessage(User,UUID,CreateMessageRequest)
2024-10-04T14:35:27.253-03:00 DEBUG 127031 --- [verbi] [main] .WebSocketAnnotationMethodMessageHandler : 
	b.c.v.v.c.MuralController:
	
2024-10-04T14:35:27.263-03:00 DEBUG 127031 --- [verbi] [main] .WebSocketAnnotationMethodMessageHandler : 
	b.c.v.v.c.UserController:
	
2024-10-04T14:35:27.266-03:00 DEBUG 127031 --- [verbi] [main] .WebSocketAnnotationMethodMessageHandler : 
	o.s.b.a.w.s.e.BasicErrorController:
	
2024-10-04T14:35:28.057-03:00 DEBUG 127031 --- [verbi] [main] s.w.s.m.m.a.RequestMappingHandlerAdapter : ControllerAdvice beans: 0 @ModelAttribute, 0 @InitBinder, 1 RequestBodyAdvice, 1 ResponseBodyAdvice
2024-10-04T14:35:28.162-03:00 DEBUG 127031 --- [verbi] [main] .m.m.a.ExceptionHandlerExceptionResolver : ControllerAdvice beans: 1 @ExceptionHandler, 1 ResponseBodyAdvice
2024-10-04T14:35:28.356-03:00  WARN 127031 --- [verbi] [main] ion$DefaultTemplateResolverConfiguration : Cannot find template location: classpath:/templates/ (please add some templates, check your Thymeleaf configuration, or set spring.thymeleaf.check-template-location=false)
2024-10-04T14:35:29.163-03:00 DEBUG 127031 --- [verbi] [main] o.s.m.s.ExecutorSubscribableChannel      : clientOutboundChannel added SubProtocolWebSocketHandler[StompSubProtocolHandler[v10.stomp, v11.stomp, v12.stomp]]
2024-10-04T14:35:29.165-03:00 DEBUG 127031 --- [verbi] [main] o.s.m.s.ExecutorSubscribableChannel      : clientInboundChannel added WebSocketAnnotationMethodMessageHandler[prefixes=[/app/]]
2024-10-04T14:35:29.167-03:00  INFO 127031 --- [verbi] [main] o.s.m.s.b.SimpleBrokerMessageHandler     : Starting...
2024-10-04T14:35:29.169-03:00 DEBUG 127031 --- [verbi] [main] o.s.m.s.ExecutorSubscribableChannel      : clientInboundChannel added SimpleBrokerMessageHandler [org.springframework.messaging.simp.broker.DefaultSubscriptionRegistry@42e7e12f]
2024-10-04T14:35:29.170-03:00 DEBUG 127031 --- [verbi] [main] o.s.m.s.ExecutorSubscribableChannel      : brokerChannel added SimpleBrokerMessageHandler [org.springframework.messaging.simp.broker.DefaultSubscriptionRegistry@42e7e12f]
2024-10-04T14:35:29.173-03:00  INFO 127031 --- [verbi] [main] o.s.m.s.b.SimpleBrokerMessageHandler     : BrokerAvailabilityEvent[available=true, SimpleBrokerMessageHandler [org.springframework.messaging.simp.broker.DefaultSubscriptionRegistry@42e7e12f]]
2024-10-04T14:35:29.177-03:00  INFO 127031 --- [verbi] [main] o.s.m.s.b.SimpleBrokerMessageHandler     : Started.
2024-10-04T14:35:29.179-03:00 DEBUG 127031 --- [verbi] [main] o.s.m.s.ExecutorSubscribableChannel      : clientInboundChannel added UserDestinationMessageHandler[DefaultUserDestinationResolver[prefix=/user/]]
2024-10-04T14:35:29.180-03:00 DEBUG 127031 --- [verbi] [main] o.s.m.s.ExecutorSubscribableChannel      : brokerChannel added UserDestinationMessageHandler[DefaultUserDestinationResolver[prefix=/user/]]
2024-10-04T14:35:29.190-03:00  INFO 127031 --- [verbi] [main] o.s.a.r.c.CachingConnectionFactory       : Attempting to connect to: [rabbitmq:5672]
2024-10-04T14:35:29.200-03:00  INFO 127031 --- [verbi] [main] o.s.a.r.l.SimpleMessageListenerContainer : Broker not available; cannot force queue declarations during start: java.net.UnknownHostException: rabbitmq: Name or service not known
2024-10-04T14:35:29.220-03:00  INFO 127031 --- [verbi] [org.springframework.amqp.rabbit.RabbitListenerEndpointContainer#0-1] o.s.a.r.c.CachingConnectionFactory       : Attempting to connect to: [rabbitmq:5672]
2024-10-04T14:35:29.222-03:00 ERROR 127031 --- [verbi] [org.springframework.amqp.rabbit.RabbitListenerEndpointContainer#0-1] o.s.a.r.l.SimpleMessageListenerContainer : Failed to check/redeclare auto-delete queue(s).

org.springframework.amqp.AmqpIOException: java.net.UnknownHostException: rabbitmq
	at org.springframework.amqp.rabbit.support.RabbitExceptionTranslator.convertRabbitAccessException(RabbitExceptionTranslator.java:70) ~[spring-rabbit-3.1.7.jar:3.1.7]
	at org.springframework.amqp.rabbit.connection.AbstractConnectionFactory.createBareConnection(AbstractConnectionFactory.java:622) ~[spring-rabbit-3.1.7.jar:3.1.7]
	at org.springframework.amqp.rabbit.connection.CachingConnectionFactory.createConnection(CachingConnectionFactory.java:726) ~[spring-rabbit-3.1.7.jar:3.1.7]
	at org.springframework.amqp.rabbit.connection.ConnectionFactoryUtils.createConnection(ConnectionFactoryUtils.java:257) ~[spring-rabbit-3.1.7.jar:3.1.7]
	at org.springframework.amqp.rabbit.core.RabbitTemplate.doExecute(RabbitTemplate.java:2249) ~[spring-rabbit-3.1.7.jar:3.1.7]
	at org.springframework.amqp.rabbit.core.RabbitTemplate.execute(RabbitTemplate.java:2222) ~[spring-rabbit-3.1.7.jar:3.1.7]
	at org.springframework.amqp.rabbit.core.RabbitTemplate.execute(RabbitTemplate.java:2202) ~[spring-rabbit-3.1.7.jar:3.1.7]
	at org.springframework.amqp.rabbit.core.RabbitAdmin.getQueueInfo(RabbitAdmin.java:467) ~[spring-rabbit-3.1.7.jar:3.1.7]
	at org.springframework.amqp.rabbit.core.RabbitAdmin.getQueueProperties(RabbitAdmin.java:451) ~[spring-rabbit-3.1.7.jar:3.1.7]
	at org.springframework.amqp.rabbit.listener.AbstractMessageListenerContainer.attemptDeclarations(AbstractMessageListenerContainer.java:1960) ~[spring-rabbit-3.1.7.jar:3.1.7]
	at org.springframework.amqp.rabbit.listener.AbstractMessageListenerContainer.redeclareElementsIfNecessary(AbstractMessageListenerContainer.java:1924) ~[spring-rabbit-3.1.7.jar:3.1.7]
	at org.springframework.amqp.rabbit.listener.SimpleMessageListenerContainer$AsyncMessageProcessingConsumer.initialize(SimpleMessageListenerContainer.java:1479) ~[spring-rabbit-3.1.7.jar:3.1.7]
	at org.springframework.amqp.rabbit.listener.SimpleMessageListenerContainer$AsyncMessageProcessingConsumer.run(SimpleMessageListenerContainer.java:1320) ~[spring-rabbit-3.1.7.jar:3.1.7]
	at java.base/java.lang.Thread.run(Thread.java:833) ~[na:na]
Caused by: java.net.UnknownHostException: rabbitmq
	at java.base/java.net.InetAddress$CachedAddresses.get(InetAddress.java:801) ~[na:na]
	at java.base/java.net.InetAddress.getAllByName0(InetAddress.java:1524) ~[na:na]
	at java.base/java.net.InetAddress.getAllByName(InetAddress.java:1381) ~[na:na]
	at java.base/java.net.InetAddress.getAllByName(InetAddress.java:1305) ~[na:na]
	at com.rabbitmq.client.DnsRecordIpAddressResolver.resolveIpAddresses(DnsRecordIpAddressResolver.java:83) ~[amqp-client-5.21.0.jar:5.21.0]
	at com.rabbitmq.client.DnsRecordIpAddressResolver.getAddresses(DnsRecordIpAddressResolver.java:73) ~[amqp-client-5.21.0.jar:5.21.0]
	at com.rabbitmq.client.ConnectionFactory.newConnection(ConnectionFactory.java:1245) ~[amqp-client-5.21.0.jar:5.21.0]
	at com.rabbitmq.client.ConnectionFactory.newConnection(ConnectionFactory.java:1198) ~[amqp-client-5.21.0.jar:5.21.0]
	at org.springframework.amqp.rabbit.connection.AbstractConnectionFactory.connectAddresses(AbstractConnectionFactory.java:668) ~[spring-rabbit-3.1.7.jar:3.1.7]
	at org.springframework.amqp.rabbit.connection.AbstractConnectionFactory.connect(AbstractConnectionFactory.java:637) ~[spring-rabbit-3.1.7.jar:3.1.7]
	at org.springframework.amqp.rabbit.connection.AbstractConnectionFactory.createBareConnection(AbstractConnectionFactory.java:584) ~[spring-rabbit-3.1.7.jar:3.1.7]
	... 12 common frames omitted

2024-10-04T14:35:29.232-03:00  INFO 127031 --- [verbi] [org.springframework.amqp.rabbit.RabbitListenerEndpointContainer#0-1] o.s.a.r.c.CachingConnectionFactory       : Attempting to connect to: [rabbitmq:5672]
2024-10-04T14:35:29.263-03:00  INFO 127031 --- [verbi] [main] b.c.v.v.service.FriendshipServiceTest    : Started FriendshipServiceTest in 20.637 seconds (process running for 24.738)
2024-10-04T14:35:34.511-03:00  INFO 127031 --- [verbi] [org.springframework.amqp.rabbit.RabbitListenerEndpointContainer#0-1] o.s.a.r.l.SimpleMessageListenerContainer : Restarting Consumer@3bca62d: tags=[[]], channel=null, acknowledgeMode=AUTO local queue size=0
2024-10-04T14:35:34.524-03:00 DEBUG 127031 --- [verbi] [SpringApplicationShutdownHook] o.s.w.c.s.GenericWebApplicationContext   : Closing org.springframework.web.context.support.GenericWebApplicationContext@3b366632, started on Fri Oct 04 14:35:10 BRT 2024
2024-10-04T14:35:34.580-03:00 DEBUG 127031 --- [verbi] [SpringApplicationShutdownHook] o.s.m.s.ExecutorSubscribableChannel      : clientOutboundChannel removed SubProtocolWebSocketHandler[StompSubProtocolHandler[v10.stomp, v11.stomp, v12.stomp]]
2024-10-04T14:35:34.595-03:00 DEBUG 127031 --- [verbi] [SpringApplicationShutdownHook] o.s.m.s.ExecutorSubscribableChannel      : clientInboundChannel removed WebSocketAnnotationMethodMessageHandler[prefixes=[/app/]]
2024-10-04T14:35:34.599-03:00  INFO 127031 --- [verbi] [SpringApplicationShutdownHook] o.s.m.s.b.SimpleBrokerMessageHandler     : Stopping...
2024-10-04T14:35:34.591-03:00  INFO 127031 --- [verbi] [org.springframework.amqp.rabbit.RabbitListenerEndpointContainer#0-2] o.s.a.r.c.CachingConnectionFactory       : Attempting to connect to: [rabbitmq:5672]
2024-10-04T14:35:34.607-03:00 ERROR 127031 --- [verbi] [org.springframework.amqp.rabbit.RabbitListenerEndpointContainer#0-2] o.s.a.r.l.SimpleMessageListenerContainer : Failed to check/redeclare auto-delete queue(s).
2024-10-04T14:35:34.615-03:00  INFO 127031 --- [verbi] [org.springframework.amqp.rabbit.RabbitListenerEndpointContainer#0-2] o.s.a.r.c.CachingConnectionFactory       : Attempting to connect to: [rabbitmq:5672]
2024-10-04T14:35:34.618-03:00  INFO 127031 --- [verbi] [SpringApplicationShutdownHook] o.s.m.s.b.SimpleBrokerMessageHandler     : BrokerAvailabilityEvent[available=false, SimpleBrokerMessageHandler [org.springframework.messaging.simp.broker.DefaultSubscriptionRegistry@42e7e12f]]
2024-10-04T14:35:34.624-03:00 DEBUG 127031 --- [verbi] [SpringApplicationShutdownHook] o.s.m.s.ExecutorSubscribableChannel      : clientInboundChannel removed SimpleBrokerMessageHandler [org.springframework.messaging.simp.broker.DefaultSubscriptionRegistry@42e7e12f]
2024-10-04T14:35:34.628-03:00 DEBUG 127031 --- [verbi] [SpringApplicationShutdownHook] o.s.m.s.ExecutorSubscribableChannel      : brokerChannel removed SimpleBrokerMessageHandler [org.springframework.messaging.simp.broker.DefaultSubscriptionRegistry@42e7e12f]
2024-10-04T14:35:34.629-03:00  INFO 127031 --- [verbi] [SpringApplicationShutdownHook] o.s.m.s.b.SimpleBrokerMessageHandler     : Stopped.
2024-10-04T14:35:34.662-03:00 DEBUG 127031 --- [verbi] [SpringApplicationShutdownHook] o.s.m.s.ExecutorSubscribableChannel      : clientInboundChannel removed UserDestinationMessageHandler[DefaultUserDestinationResolver[prefix=/user/]]
2024-10-04T14:35:34.672-03:00 DEBUG 127031 --- [verbi] [SpringApplicationShutdownHook] o.s.m.s.ExecutorSubscribableChannel      : brokerChannel removed UserDestinationMessageHandler[DefaultUserDestinationResolver[prefix=/user/]]
2024-10-04T14:35:34.683-03:00  INFO 127031 --- [verbi] [org.springframework.amqp.rabbit.RabbitListenerEndpointContainer#0-3] o.s.a.r.l.SimpleMessageListenerContainer : Waiting for workers to finish.
2024-10-04T14:35:34.687-03:00  INFO 127031 --- [verbi] [org.springframework.amqp.rabbit.RabbitListenerEndpointContainer#0-3] o.s.a.r.l.SimpleMessageListenerContainer : Successfully waited for workers to finish.
2024-10-04T14:35:34.763-03:00  INFO 127031 --- [verbi] [SpringApplicationShutdownHook] j.LocalContainerEntityManagerFactoryBean : Closing JPA EntityManagerFactory for persistence unit 'default'
2024-10-04T14:35:34.780-03:00  INFO 127031 --- [verbi] [SpringApplicationShutdownHook] com.zaxxer.hikari.HikariDataSource       : HikariPool-1 - Shutdown initiated...
2024-10-04T14:35:34.912-03:00  INFO 127031 --- [verbi] [SpringApplicationShutdownHook] com.zaxxer.hikari.HikariDataSource       : HikariPool-1 - Shutdown completed.
